  Group.cpp
C:\Users\rds044\source\repos\lab_7_2\Rozov_OOP\Rozov_OOP\Rozov_OOP\Group.h(5,7): error C2059: синтаксическая ошибка: using namespace
C:\Users\rds044\source\repos\lab_7_2\Rozov_OOP\Rozov_OOP\Rozov_OOP\Group.cpp(6,1): error C2628: недопустимый "Group" с последующим "void" (возможно, отсутствует ";")
C:\Users\rds044\source\repos\lab_7_2\Rozov_OOP\Rozov_OOP\Rozov_OOP\Group.cpp(7,1): error C2556: Group Group::InputBook(void): перегруженная функция отличается от "void Group::InputBook(void)" только возвращаемым типом
C:\Users\rds044\source\repos\lab_7_2\Rozov_OOP\Rozov_OOP\Rozov_OOP\Group.h(14,7): message : см. объявление "Group::InputBook"
C:\Users\rds044\source\repos\lab_7_2\Rozov_OOP\Rozov_OOP\Rozov_OOP\Group.cpp(6,13): error C2371: Group::InputBook: переопределение; различные базовые типы
C:\Users\rds044\source\repos\lab_7_2\Rozov_OOP\Rozov_OOP\Rozov_OOP\Group.h(14,7): message : см. объявление "Group::InputBook"
C:\Users\rds044\source\repos\lab_7_2\Rozov_OOP\Rozov_OOP\Rozov_OOP\Group.cpp(10,32): error C2665: "Group::Group": ни одна перегруженная функция не может преобразовать все типы аргументов
C:\Users\rds044\source\repos\lab_7_2\Rozov_OOP\Rozov_OOP\Rozov_OOP\Group.h(16,1): message : может быть "Group::Group(Group &&)"
C:\Users\rds044\source\repos\lab_7_2\Rozov_OOP\Rozov_OOP\Rozov_OOP\Group.cpp(10,32): message : "Group::Group(Group &&)": невозможно преобразовать аргумент 1 из "Student" в "Group &&"
C:\Users\rds044\source\repos\lab_7_2\Rozov_OOP\Rozov_OOP\Rozov_OOP\Group.cpp(10,33): message : Причина: невозможно преобразовать "Student" в "Group"
C:\Users\rds044\source\repos\lab_7_2\Rozov_OOP\Rozov_OOP\Rozov_OOP\Group.cpp(10,33): message : Для выполнения данного преобразования нет доступного оператора преобразования, определенного пользователем, или вызов оператора невозможен
C:\Users\rds044\source\repos\lab_7_2\Rozov_OOP\Rozov_OOP\Rozov_OOP\Group.h(16,1): message : или       "Group::Group(const Group &)"
C:\Users\rds044\source\repos\lab_7_2\Rozov_OOP\Rozov_OOP\Rozov_OOP\Group.cpp(10,32): message : "Group::Group(const Group &)": невозможно преобразовать аргумент 1 из "Student" в "const Group &"
C:\Users\rds044\source\repos\lab_7_2\Rozov_OOP\Rozov_OOP\Rozov_OOP\Group.cpp(10,33): message : Причина: невозможно преобразовать "Student" в "const Group"
C:\Users\rds044\source\repos\lab_7_2\Rozov_OOP\Rozov_OOP\Rozov_OOP\Group.cpp(10,33): message : Для выполнения данного преобразования нет доступного оператора преобразования, определенного пользователем, или вызов оператора невозможен
C:\Users\rds044\source\repos\lab_7_2\Rozov_OOP\Rozov_OOP\Rozov_OOP\Group.cpp(10,32): message : при попытке сопоставить список аргументов "(Student)"
C:\Users\rds044\source\repos\lab_7_2\Rozov_OOP\Rozov_OOP\Rozov_OOP\Group.cpp(13,13): error C2039: "PrintAllFilms": не является членом "Group".
C:\Users\rds044\source\repos\lab_7_2\Rozov_OOP\Rozov_OOP\Rozov_OOP\Group.h(7,7): message : см. объявление "Group"
C:\Users\rds044\source\repos\lab_7_2\Rozov_OOP\Rozov_OOP\Rozov_OOP\Group.cpp(15,6): error C2065: film_list: необъявленный идентификатор
C:\Users\rds044\source\repos\lab_7_2\Rozov_OOP\Rozov_OOP\Rozov_OOP\Group.cpp(17,27): error C2065: film_list: необъявленный идентификатор
C:\Users\rds044\source\repos\lab_7_2\Rozov_OOP\Rozov_OOP\Rozov_OOP\Group.cpp(17,3): error C3531: film: символ, тип которого содержит спецификатор 'auto' должен иметь инициализатор
C:\Users\rds044\source\repos\lab_7_2\Rozov_OOP\Rozov_OOP\Rozov_OOP\Group.cpp(17,25): error C2143: синтаксическая ошибка: отсутствие ";" перед ":"
C:\Users\rds044\source\repos\lab_7_2\Rozov_OOP\Rozov_OOP\Rozov_OOP\Group.cpp(17,36): error C2143: синтаксическая ошибка: отсутствие ";" перед ")"
C:\Users\rds044\source\repos\lab_7_2\Rozov_OOP\Rozov_OOP\Rozov_OOP\Group.cpp(18,12): error C2100: недопустимое косвенное обращение
C:\Users\rds044\source\repos\lab_7_2\Rozov_OOP\Rozov_OOP\Rozov_OOP\Group.cpp(18,9): error C2088: <<: недопустимо для class
C:\Users\rds044\source\repos\lab_7_2\Rozov_OOP\Rozov_OOP\Rozov_OOP\Group.cpp(24,13): error C2039: "Save": не является членом "Group".
C:\Users\rds044\source\repos\lab_7_2\Rozov_OOP\Rozov_OOP\Rozov_OOP\Group.h(7,7): message : см. объявление "Group"
C:\Users\rds044\source\repos\lab_7_2\Rozov_OOP\Rozov_OOP\Rozov_OOP\Group.cpp(30,11): error C2065: film_list: необъявленный идентификатор
C:\Users\rds044\source\repos\lab_7_2\Rozov_OOP\Rozov_OOP\Rozov_OOP\Group.cpp(31,27): error C2065: film_list: необъявленный идентификатор
C:\Users\rds044\source\repos\lab_7_2\Rozov_OOP\Rozov_OOP\Rozov_OOP\Group.cpp(31,3): error C3531: film: символ, тип которого содержит спецификатор 'auto' должен иметь инициализатор
C:\Users\rds044\source\repos\lab_7_2\Rozov_OOP\Rozov_OOP\Rozov_OOP\Group.cpp(31,25): error C2143: синтаксическая ошибка: отсутствие ";" перед ":"
C:\Users\rds044\source\repos\lab_7_2\Rozov_OOP\Rozov_OOP\Rozov_OOP\Group.cpp(31,36): error C2143: синтаксическая ошибка: отсутствие ";" перед ")"
C:\Users\rds044\source\repos\lab_7_2\Rozov_OOP\Rozov_OOP\Rozov_OOP\Group.cpp(32,12): error C2100: недопустимое косвенное обращение
C:\Users\rds044\source\repos\lab_7_2\Rozov_OOP\Rozov_OOP\Rozov_OOP\Group.cpp(32,9): error C2088: <<: недопустимо для class
C:\Users\rds044\source\repos\lab_7_2\Rozov_OOP\Rozov_OOP\Rozov_OOP\Group.cpp(39,13): error C2039: "Download": не является членом "Group".
C:\Users\rds044\source\repos\lab_7_2\Rozov_OOP\Rozov_OOP\Rozov_OOP\Group.h(7,7): message : см. объявление "Group"
C:\Users\rds044\source\repos\lab_7_2\Rozov_OOP\Rozov_OOP\Rozov_OOP\Group.cpp(45,3): error C2065: Kamalova_film: необъявленный идентификатор
C:\Users\rds044\source\repos\lab_7_2\Rozov_OOP\Rozov_OOP\Rozov_OOP\Group.cpp(45,17): error C2146: синтаксическая ошибка: отсутствие ";" перед идентификатором "film"
C:\Users\rds044\source\repos\lab_7_2\Rozov_OOP\Rozov_OOP\Rozov_OOP\Group.cpp(45,17): error C2065: film: необъявленный идентификатор
C:\Users\rds044\source\repos\lab_7_2\Rozov_OOP\Rozov_OOP\Rozov_OOP\Group.cpp(47,8): error C2143: синтаксическая ошибка: отсутствие ";" перед ">>"
C:\Users\rds044\source\repos\lab_7_2\Rozov_OOP\Rozov_OOP\Rozov_OOP\Group.cpp(51,11): error C2065: film: необъявленный идентификатор
C:\Users\rds044\source\repos\lab_7_2\Rozov_OOP\Rozov_OOP\Rozov_OOP\Group.cpp(51,8): warning C4552: ">>": результат выражения не используется
C:\Users\rds044\source\repos\lab_7_2\Rozov_OOP\Rozov_OOP\Rozov_OOP\Group.cpp(52,19): error C2065: film_list: необъявленный идентификатор
C:\Users\rds044\source\repos\lab_7_2\Rozov_OOP\Rozov_OOP\Rozov_OOP\Group.cpp(52,4): error C2530: f: ссылки должны быть инициализированы
C:\Users\rds044\source\repos\lab_7_2\Rozov_OOP\Rozov_OOP\Rozov_OOP\Group.cpp(52,4): error C3531: f: символ, тип которого содержит спецификатор 'auto' должен иметь инициализатор
C:\Users\rds044\source\repos\lab_7_2\Rozov_OOP\Rozov_OOP\Rozov_OOP\Group.cpp(52,17): error C2143: синтаксическая ошибка: отсутствие ";" перед ":"
C:\Users\rds044\source\repos\lab_7_2\Rozov_OOP\Rozov_OOP\Rozov_OOP\Group.cpp(52,28): error C2143: синтаксическая ошибка: отсутствие ";" перед ")"
C:\Users\rds044\source\repos\lab_7_2\Rozov_OOP\Rozov_OOP\Rozov_OOP\Group.cpp(54,9): error C2065: film: необъявленный идентификатор
C:\Users\rds044\source\repos\lab_7_2\Rozov_OOP\Rozov_OOP\Rozov_OOP\Group.cpp(56,6): error C2065: kol: необъявленный идентификатор
C:\Users\rds044\source\repos\lab_7_2\Rozov_OOP\Rozov_OOP\Rozov_OOP\Group.cpp(60,8): error C2065: kol: необъявленный идентификатор
C:\Users\rds044\source\repos\lab_7_2\Rozov_OOP\Rozov_OOP\Rozov_OOP\Group.cpp(62,5): error C2065: film: необъявленный идентификатор
C:\Users\rds044\source\repos\lab_7_2\Rozov_OOP\Rozov_OOP\Rozov_OOP\Group.cpp(63,5): error C2065: film_list: необъявленный идентификатор
C:\Users\rds044\source\repos\lab_7_2\Rozov_OOP\Rozov_OOP\Rozov_OOP\Group.cpp(63,29): error C2061: синтаксическая ошибка: идентификатор "Kamalova_film"
C:\Users\rds044\source\repos\lab_7_2\Rozov_OOP\Rozov_OOP\Rozov_OOP\Group.cpp(73,13): error C2039: "DeleteAll": не является членом "Group".
C:\Users\rds044\source\repos\lab_7_2\Rozov_OOP\Rozov_OOP\Rozov_OOP\Group.h(7,7): message : см. объявление "Group"
C:\Users\rds044\source\repos\lab_7_2\Rozov_OOP\Rozov_OOP\Rozov_OOP\Group.cpp(75,26): error C2065: film_list: необъявленный идентификатор
C:\Users\rds044\source\repos\lab_7_2\Rozov_OOP\Rozov_OOP\Rozov_OOP\Group.cpp(75,2): error C3531: film: символ, тип которого содержит спецификатор 'auto' должен иметь инициализатор
C:\Users\rds044\source\repos\lab_7_2\Rozov_OOP\Rozov_OOP\Rozov_OOP\Group.cpp(75,24): error C2143: синтаксическая ошибка: отсутствие ";" перед ":"
C:\Users\rds044\source\repos\lab_7_2\Rozov_OOP\Rozov_OOP\Rozov_OOP\Group.cpp(75,35): error C2143: синтаксическая ошибка: отсутствие ";" перед ")"
C:\Users\rds044\source\repos\lab_7_2\Rozov_OOP\Rozov_OOP\Rozov_OOP\Group.cpp(77,14): error C2541: delete: нельзя удалять объекты, не являющиеся указателями
C:\Users\rds044\source\repos\lab_7_2\Rozov_OOP\Rozov_OOP\Rozov_OOP\Group.cpp(79,2): error C2065: film_list: необъявленный идентификатор
  main.cpp
C:\Users\rds044\source\repos\lab_7_2\Rozov_OOP\Rozov_OOP\Rozov_OOP\main.cpp(5,7): error C2601: PrintMenu: недопустимые локальные определения функций
C:\Users\rds044\source\repos\lab_7_2\Rozov_OOP\Rozov_OOP\Rozov_OOP\main.cpp(4): message : эта строка содержит скобку "{", которая пока не имеет парной
C:\Users\rds044\source\repos\lab_7_2\Rozov_OOP\Rozov_OOP\Rozov_OOP\main.cpp(7,3): error C2065: cout: необъявленный идентификатор
C:\Users\rds044\source\repos\lab_7_2\Rozov_OOP\Rozov_OOP\Rozov_OOP\main.cpp(7,49): error C2065: endl: необъявленный идентификатор
C:\Users\rds044\source\repos\lab_7_2\Rozov_OOP\Rozov_OOP\Rozov_OOP\main.cpp(8,68): error C2065: endl: необъявленный идентификатор
C:\Users\rds044\source\repos\lab_7_2\Rozov_OOP\Rozov_OOP\Rozov_OOP\main.cpp(9,61): error C2065: endl: необъявленный идентификатор
C:\Users\rds044\source\repos\lab_7_2\Rozov_OOP\Rozov_OOP\Rozov_OOP\main.cpp(10,61): error C2065: endl: необъявленный идентификатор
C:\Users\rds044\source\repos\lab_7_2\Rozov_OOP\Rozov_OOP\Rozov_OOP\main.cpp(11,52): error C2065: endl: необъявленный идентификатор
C:\Users\rds044\source\repos\lab_7_2\Rozov_OOP\Rozov_OOP\Rozov_OOP\main.cpp(12,28): error C2065: endl: необъявленный идентификатор
  Student.cpp
C:\Users\rds044\source\repos\lab_7_2\Rozov_OOP\Rozov_OOP\Rozov_OOP\Student.cpp(4,1): error C2628: недопустимый "Student" с последующим "int" (возможно, отсутствует ";")
C:\Users\rds044\source\repos\lab_7_2\Rozov_OOP\Rozov_OOP\Rozov_OOP\Student.cpp(4,14): error C2371: student_max_id: переопределение; различные базовые типы
C:\Users\rds044\source\repos\lab_7_2\Rozov_OOP\Rozov_OOP\Rozov_OOP\Student.h(17,13): message : см. объявление "student_max_id"
  Создание кода...
